<?xml version="1.0" encoding="UTF-8"?>
<!-- Generated by org.testng.reporters.JUnitReportReporter -->
<testsuite hostname="Edwin-PC" failures="0" tests="1" name="com.demoauto.qa.testcases.tes" time="7.643" errors="0" timestamp="25 Jul 2019 12:29:15 GMT" skipped="0">
  <testcase classname="com.demoauto.qa.testcases.tes" name="titltest" time="7.643"/>
</testsuite> <!-- com.demoauto.qa.testcases.tes -->
