<?xml version="1.0" encoding="UTF-8"?>
<!-- Generated by org.testng.reporters.JUnitReportReporter -->
<testsuite hostname="Edwin-PC" failures="0" tests="5" name="com.demoauto.qa.testcases.loginpagetest" time="63.621" errors="0" timestamp="2019-07-27T21:25:46 IST" skipped="0">
  <testcase classname="com.demoauto.qa.testcases.loginpagetest" name="loginpagetitletest" time="8.303"/>
  <testcase classname="com.demoauto.qa.testcases.loginpagetest" name="logotest" time="10.269"/>
  <testcase classname="com.demoauto.qa.testcases.loginpagetest" name="signinbuttontest" time="8.273"/>
  <testcase classname="com.demoauto.qa.testcases.loginpagetest" name="skipsigninbuttontest" time="16.748"/>
  <testcase classname="com.demoauto.qa.testcases.loginpagetest" name="entertest" time="20.028"/>
</testsuite> <!-- com.demoauto.qa.testcases.loginpagetest -->
