<?xml version="1.0" encoding="UTF-8"?>
<!-- Generated by org.testng.reporters.JUnitReportReporter -->
<testsuite hostname="Edwin-PC" failures="0" tests="3" name="com.demoauto.qa.testcases.alertspagetest" time="49.685" errors="0" timestamp="2019-07-27T21:25:46 IST" skipped="0">
  <testcase classname="com.demoauto.qa.testcases.alertspagetest" name="altpagetitletest" time="18.290"/>
  <testcase classname="com.demoauto.qa.testcases.alertspagetest" name="altpagelogotest" time="15.373"/>
  <testcase classname="com.demoauto.qa.testcases.alertspagetest" name="alttexttest" time="16.022"/>
</testsuite> <!-- com.demoauto.qa.testcases.alertspagetest -->
