<?xml version="1.0" encoding="UTF-8"?>
<!-- Generated by org.testng.reporters.JUnitReportReporter -->
<testsuite hostname="Edwin-PC" failures="0" tests="1" name="com.demoauto.qa.testcases.testtes" time="0.018" errors="0" timestamp="25 Jul 2019 12:22:02 GMT" skipped="0">
  <testcase classname="com.demoauto.qa.testcases.testtes" name="bef2" time="0.018"/>
</testsuite> <!-- com.demoauto.qa.testcases.testtes -->
